# JRE version: OpenJDK Runtime Environment (8.0_152-b01) (build 1.8.0_152-release-1248-b01)
# Java VM: OpenJDK 64-Bit Server VM (25.152-b01 mixed mode windows-amd64 compressed oops)
Heap:
 PSYoungGen      total 203776K, used 24873K [0x00000000e0000000, 0x00000000ef200000, 0x0000000100000000)
  eden space 193536K, 11% used [0x00000000e0000000,0x00000000e1630fd8,0x00000000ebd00000)
  from space 10240K, 20% used [0x00000000ec700000,0x00000000ec919448,0x00000000ed100000)
  to   space 10240K, 0% used [0x00000000ebd00000,0x00000000ebd00000,0x00000000ec700000)
 ParOldGen       total 96768K, used 60196K [0x00000000a0000000, 0x00000000a5e80000, 0x00000000e0000000)
  object space 96768K, 62% used [0x00000000a0000000,0x00000000a3ac92b0,0x00000000a5e80000)
 Metaspace       used 96484K, capacity 100406K, committed 100504K, reserved 1136640K
  class space    used 12023K, capacity 12860K, committed 12952K, reserved 1048576K
GC Heap History (10 events):
Event: 2022.058 GC heap before
{Heap before GC invocations=75 (full 5):
 PSYoungGen      total 151552K, used 139569K [0x00000000e0000000, 0x00000000eb980000, 0x0000000100000000)
  eden space 138240K, 100% used [0x00000000e0000000,0x00000000e8700000,0x00000000e8700000)
  from space 13312K, 9% used [0x00000000e8700000,0x00000000e884c5b0,0x00000000e9400000)
  to   space 13312K, 0% used [0x00000000eac80000,0x00000000eac80000,0x00000000eb980000)
 ParOldGen       total 96768K, used 56457K [0x00000000a0000000, 0x00000000a5e80000, 0x00000000e0000000)
  object space 96768K, 58% used [0x00000000a0000000,0x00000000a3722488,0x00000000a5e80000)
 Metaspace       used 96235K, capacity 100068K, committed 100248K, reserved 1136640K
  class space    used 12003K, capacity 12823K, committed 12952K, reserved 1048576K
Event: 2022.066 GC heap after
Heap after GC invocations=75 (full 5):
 PSYoungGen      total 173568K, used 4596K [0x00000000e0000000, 0x00000000eb700000, 0x0000000100000000)
  eden space 162816K, 0% used [0x00000000e0000000,0x00000000e0000000,0x00000000e9f00000)
  from space 10752K, 42% used [0x00000000eac80000,0x00000000eb0fd078,0x00000000eb700000)
  to   space 12288K, 0% used [0x00000000e9f00000,0x00000000e9f00000,0x00000000eab00000)
 ParOldGen       total 96768K, used 57389K [0x00000000a0000000, 0x00000000a5e80000, 0x00000000e0000000)
  object space 96768K, 59% used [0x00000000a0000000,0x00000000a380b450,0x00000000a5e80000)
 Metaspace       used 96235K, capacity 100068K, committed 100248K, reserved 1136640K
  class space    used 12003K, capacity 12823K, committed 12952K, reserved 1048576K
}
Event: 2022.552 GC heap before
{Heap before GC invocations=76 (full 5):
 PSYoungGen      total 173568K, used 167412K [0x00000000e0000000, 0x00000000eb700000, 0x0000000100000000)
  eden space 162816K, 100% used [0x00000000e0000000,0x00000000e9f00000,0x00000000e9f00000)
  from space 10752K, 42% used [0x00000000eac80000,0x00000000eb0fd078,0x00000000eb700000)
  to   space 12288K, 0% used [0x00000000e9f00000,0x00000000e9f00000,0x00000000eab00000)
 ParOldGen       total 96768K, used 57389K [0x00000000a0000000, 0x00000000a5e80000, 0x00000000e0000000)
  object space 96768K, 59% used [0x00000000a0000000,0x00000000a380b450,0x00000000a5e80000)
 Metaspace       used 96320K, capacity 100222K, committed 100504K, reserved 1136640K
  class space    used 12011K, capacity 12826K, committed 12952K, reserved 1048576K
Event: 2022.560 GC heap after
Heap after GC invocations=76 (full 5):
 PSYoungGen      total 175104K, used 4181K [0x00000000e0000000, 0x00000000ed280000, 0x0000000100000000)
  eden space 162816K, 0% used [0x00000000e0000000,0x00000000e0000000,0x00000000e9f00000)
  from space 12288K, 34% used [0x00000000e9f00000,0x00000000ea315448,0x00000000eab00000)
  to   space 11776K, 0% used [0x00000000ec700000,0x00000000ec700000,0x00000000ed280000)
 ParOldGen       total 96768K, used 58184K [0x00000000a0000000, 0x00000000a5e80000, 0x00000000e0000000)
  object space 96768K, 60% used [0x00000000a0000000,0x00000000a38d2198,0x00000000a5e80000)
 Metaspace       used 96320K, capacity 100222K, committed 100504K, reserved 1136640K
  class space    used 12011K, capacity 12826K, committed 12952K, reserved 1048576K
}
Event: 2023.073 GC heap before
{Heap before GC invocations=77 (full 5):
 PSYoungGen      total 175104K, used 166997K [0x00000000e0000000, 0x00000000ed280000, 0x0000000100000000)
  eden space 162816K, 100% used [0x00000000e0000000,0x00000000e9f00000,0x00000000e9f00000)
  from space 12288K, 34% used [0x00000000e9f00000,0x00000000ea315448,0x00000000eab00000)
  to   space 11776K, 0% used [0x00000000ec700000,0x00000000ec700000,0x00000000ed280000)
 ParOldGen       total 96768K, used 58184K [0x00000000a0000000, 0x00000000a5e80000, 0x00000000e0000000)
  object space 96768K, 60% used [0x00000000a0000000,0x00000000a38d2198,0x00000000a5e80000)
 Metaspace       used 96396K, capacity 100322K, committed 100504K, reserved 1136640K
  class space    used 12018K, capacity 12858K, committed 12952K, reserved 1048576K
Event: 2023.080 GC heap after
Heap after GC invocations=77 (full 5):
 PSYoungGen      total 201728K, used 3439K [0x00000000e0000000, 0x00000000ed100000, 0x0000000100000000)
  eden space 191488K, 0% used [0x00000000e0000000,0x00000000e0000000,0x00000000ebb00000)
  from space 10240K, 33% used [0x00000000ec700000,0x00000000eca5bc18,0x00000000ed100000)
  to   space 11264K, 0% used [0x00000000ebb00000,0x00000000ebb00000,0x00000000ec600000)
 ParOldGen       total 96768K, used 59609K [0x00000000a0000000, 0x00000000a5e80000, 0x00000000e0000000)
  object space 96768K, 61% used [0x00000000a0000000,0x00000000a3a367b8,0x00000000a5e80000)
 Metaspace       used 96396K, capacity 100322K, committed 100504K, reserved 1136640K
  class space    used 12018K, capacity 12858K, committed 12952K, reserved 1048576K
}
Event: 2023.772 GC heap before
{Heap before GC invocations=78 (full 5):
 PSYoungGen      total 201728K, used 194927K [0x00000000e0000000, 0x00000000ed100000, 0x0000000100000000)
  eden space 191488K, 100% used [0x00000000e0000000,0x00000000ebb00000,0x00000000ebb00000)
  from space 10240K, 33% used [0x00000000ec700000,0x00000000eca5bc18,0x00000000ed100000)
  to   space 11264K, 0% used [0x00000000ebb00000,0x00000000ebb00000,0x00000000ec600000)
 ParOldGen       total 96768K, used 59609K [0x00000000a0000000, 0x00000000a5e80000, 0x00000000e0000000)
  object space 96768K, 61% used [0x00000000a0000000,0x00000000a3a367b8,0x00000000a5e80000)
 Metaspace       used 96446K, capacity 100338K, committed 100504K, reserved 1136640K
  class space    used 12019K, capacity 12860K, committed 12952K, reserved 1048576K
Event: 2023.883 GC heap after
Heap after GC invocations=78 (full 5):
 PSYoungGen      total 202752K, used 4358K [0x00000000e0000000, 0x00000000ed100000, 0x0000000100000000)
  eden space 191488K, 0% used [0x00000000e0000000,0x00000000e0000000,0x00000000ebb00000)
  from space 11264K, 38% used [0x00000000ebb00000,0x00000000ebf41b70,0x00000000ec600000)
  to   space 10240K, 0% used [0x00000000ec700000,0x00000000ec700000,0x00000000ed100000)
 ParOldGen       total 96768K, used 59898K [0x00000000a0000000, 0x00000000a5e80000, 0x00000000e0000000)
  object space 96768K, 61% used [0x00000000a0000000,0x00000000a3a7e818,0x00000000a5e80000)
 Metaspace       used 96446K, capacity 100338K, committed 100504K, reserved 1136640K
  class space    used 12019K, capacity 12860K, committed 12952K, reserved 1048576K
}
Event: 2026.483 GC heap before
{Heap before GC invocations=79 (full 5):
 PSYoungGen      total 202752K, used 195846K [0x00000000e0000000, 0x00000000ed100000, 0x0000000100000000)
  eden space 191488K, 100% used [0x00000000e0000000,0x00000000ebb00000,0x00000000ebb00000)
  from space 11264K, 38% used [0x00000000ebb00000,0x00000000ebf41b70,0x00000000ec600000)
  to   space 10240K, 0% used [0x00000000ec700000,0x00000000ec700000,0x00000000ed100000)
 ParOldGen       total 96768K, used 59898K [0x00000000a0000000, 0x00000000a5e80000, 0x00000000e0000000)
  object space 96768K, 61% used [0x00000000a0000000,0x00000000a3a7e818,0x00000000a5e80000)
 Metaspace       used 96482K, capacity 100406K, committed 100504K, reserved 1136640K
  class space    used 12023K, capacity 12860K, committed 12952K, reserved 1048576K
Event: 2026.505 GC heap after
Heap after GC invocations=79 (full 5):
 PSYoungGen      total 203776K, used 2149K [0x00000000e0000000, 0x00000000ef200000, 0x0000000100000000)
  eden space 193536K, 0% used [0x00000000e0000000,0x00000000e0000000,0x00000000ebd00000)
  from space 10240K, 20% used [0x00000000ec700000,0x00000000ec919448,0x00000000ed100000)
  to   space 10240K, 0% used [0x00000000ebd00000,0x00000000ebd00000,0x00000000ec700000)
 ParOldGen       total 96768K, used 60196K [0x00000000a0000000, 0x00000000a5e80000, 0x00000000e0000000)
  object space 96768K, 62% used [0x00000000a0000000,0x00000000a3ac92b0,0x00000000a5e80000)
 Metaspace       used 96482K, capacity 100406K, committed 100504K, reserved 1136640K
  class space    used 12023K, capacity 12860K, committed 12952K, reserved 1048576K
}

