# JRE version: OpenJDK Runtime Environment (8.0_152-b01) (build 1.8.0_152-release-1248-b01)
# Java VM: OpenJDK 64-Bit Server VM (25.152-b01 mixed mode windows-amd64 compressed oops)
Heap:
 PSYoungGen      total 203264K, used 162663K [0x00000000e0000000, 0x00000000f0680000, 0x0000000100000000)
  eden space 186880K, 83% used [0x00000000e0000000,0x00000000e9794678,0x00000000eb680000)
  from space 16384K, 45% used [0x00000000eb680000,0x00000000ebdc5738,0x00000000ec680000)
  to   space 15872K, 0% used [0x00000000ef700000,0x00000000ef700000,0x00000000f0680000)
 ParOldGen       total 124416K, used 45562K [0x00000000a0000000, 0x00000000a7980000, 0x00000000e0000000)
  object space 124416K, 36% used [0x00000000a0000000,0x00000000a2c7e818,0x00000000a7980000)
 Metaspace       used 69280K, capacity 71692K, committed 71960K, reserved 1112064K
  class space    used 9212K, capacity 9717K, committed 9776K, reserved 1048576K
GC Heap History (10 events):
Event: 17.558 GC heap before
{Heap before GC invocations=14 (full 2):
 PSYoungGen      total 131584K, used 88368K [0x00000000e0000000, 0x00000000eaf00000, 0x0000000100000000)
  eden space 118272K, 66% used [0x00000000e0000000,0x00000000e4d14ef8,0x00000000e7380000)
  from space 13312K, 70% used [0x00000000e7380000,0x00000000e7cb7340,0x00000000e8080000)
  to   space 13312K, 0% used [0x00000000ea200000,0x00000000ea200000,0x00000000eaf00000)
 ParOldGen       total 82944K, used 27813K [0x00000000a0000000, 0x00000000a5100000, 0x00000000e0000000)
  object space 82944K, 33% used [0x00000000a0000000,0x00000000a1b294e8,0x00000000a5100000)
 Metaspace       used 57407K, capacity 58968K, committed 59160K, reserved 1099776K
  class space    used 7837K, capacity 8229K, committed 8240K, reserved 1048576K
Event: 17.570 GC heap after
Heap after GC invocations=14 (full 2):
 PSYoungGen      total 165888K, used 9234K [0x00000000e0000000, 0x00000000eb000000, 0x0000000100000000)
  eden space 152576K, 0% used [0x00000000e0000000,0x00000000e0000000,0x00000000e9500000)
  from space 13312K, 69% used [0x00000000ea200000,0x00000000eab04828,0x00000000eaf00000)
  to   space 13312K, 0% used [0x00000000e9500000,0x00000000e9500000,0x00000000ea200000)
 ParOldGen       total 82944K, used 30486K [0x00000000a0000000, 0x00000000a5100000, 0x00000000e0000000)
  object space 82944K, 36% used [0x00000000a0000000,0x00000000a1dc5918,0x00000000a5100000)
 Metaspace       used 57407K, capacity 58968K, committed 59160K, reserved 1099776K
  class space    used 7837K, capacity 8229K, committed 8240K, reserved 1048576K
}
Event: 17.570 GC heap before
{Heap before GC invocations=15 (full 3):
 PSYoungGen      total 165888K, used 9234K [0x00000000e0000000, 0x00000000eb000000, 0x0000000100000000)
  eden space 152576K, 0% used [0x00000000e0000000,0x00000000e0000000,0x00000000e9500000)
  from space 13312K, 69% used [0x00000000ea200000,0x00000000eab04828,0x00000000eaf00000)
  to   space 13312K, 0% used [0x00000000e9500000,0x00000000e9500000,0x00000000ea200000)
 ParOldGen       total 82944K, used 30486K [0x00000000a0000000, 0x00000000a5100000, 0x00000000e0000000)
  object space 82944K, 36% used [0x00000000a0000000,0x00000000a1dc5918,0x00000000a5100000)
 Metaspace       used 57407K, capacity 58968K, committed 59160K, reserved 1099776K
  class space    used 7837K, capacity 8229K, committed 8240K, reserved 1048576K
Event: 17.735 GC heap after
Heap after GC invocations=15 (full 3):
 PSYoungGen      total 165888K, used 0K [0x00000000e0000000, 0x00000000eb000000, 0x0000000100000000)
  eden space 152576K, 0% used [0x00000000e0000000,0x00000000e0000000,0x00000000e9500000)
  from space 13312K, 0% used [0x00000000ea200000,0x00000000ea200000,0x00000000eaf00000)
  to   space 13312K, 0% used [0x00000000e9500000,0x00000000e9500000,0x00000000ea200000)
 ParOldGen       total 124416K, used 32839K [0x00000000a0000000, 0x00000000a7980000, 0x00000000e0000000)
  object space 124416K, 26% used [0x00000000a0000000,0x00000000a2011de8,0x00000000a7980000)
 Metaspace       used 57407K, capacity 58968K, committed 59160K, reserved 1099776K
  class space    used 7837K, capacity 8229K, committed 8240K, reserved 1048576K
}
Event: 20.216 GC heap before
{Heap before GC invocations=16 (full 3):
 PSYoungGen      total 165888K, used 152576K [0x00000000e0000000, 0x00000000eb000000, 0x0000000100000000)
  eden space 152576K, 100% used [0x00000000e0000000,0x00000000e9500000,0x00000000e9500000)
  from space 13312K, 0% used [0x00000000ea200000,0x00000000ea200000,0x00000000eaf00000)
  to   space 13312K, 0% used [0x00000000e9500000,0x00000000e9500000,0x00000000ea200000)
 ParOldGen       total 124416K, used 32839K [0x00000000a0000000, 0x00000000a7980000, 0x00000000e0000000)
  object space 124416K, 26% used [0x00000000a0000000,0x00000000a2011de8,0x00000000a7980000)
 Metaspace       used 66625K, capacity 68662K, committed 68888K, reserved 1107968K
  class space    used 9004K, capacity 9500K, committed 9520K, reserved 1048576K
Event: 20.230 GC heap after
Heap after GC invocations=16 (full 3):
 PSYoungGen      total 165888K, used 13285K [0x00000000e0000000, 0x00000000ed680000, 0x0000000100000000)
  eden space 152576K, 0% used [0x00000000e0000000,0x00000000e0000000,0x00000000e9500000)
  from space 13312K, 99% used [0x00000000e9500000,0x00000000ea1f9680,0x00000000ea200000)
  to   space 16384K, 0% used [0x00000000ec680000,0x00000000ec680000,0x00000000ed680000)
 ParOldGen       total 124416K, used 36619K [0x00000000a0000000, 0x00000000a7980000, 0x00000000e0000000)
  object space 124416K, 29% used [0x00000000a0000000,0x00000000a23c2fa0,0x00000000a7980000)
 Metaspace       used 66625K, capacity 68662K, committed 68888K, reserved 1107968K
  class space    used 9004K, capacity 9500K, committed 9520K, reserved 1048576K
}
Event: 21.382 GC heap before
{Heap before GC invocations=17 (full 3):
 PSYoungGen      total 165888K, used 165861K [0x00000000e0000000, 0x00000000ed680000, 0x0000000100000000)
  eden space 152576K, 100% used [0x00000000e0000000,0x00000000e9500000,0x00000000e9500000)
  from space 13312K, 99% used [0x00000000e9500000,0x00000000ea1f9680,0x00000000ea200000)
  to   space 16384K, 0% used [0x00000000ec680000,0x00000000ec680000,0x00000000ed680000)
 ParOldGen       total 124416K, used 36619K [0x00000000a0000000, 0x00000000a7980000, 0x00000000e0000000)
  object space 124416K, 29% used [0x00000000a0000000,0x00000000a23c2fa0,0x00000000a7980000)
 Metaspace       used 68488K, capacity 70674K, committed 70808K, reserved 1110016K
  class space    used 9146K, capacity 9630K, committed 9648K, reserved 1048576K
Event: 21.401 GC heap after
Heap after GC invocations=17 (full 3):
 PSYoungGen      total 203264K, used 2817K [0x00000000e0000000, 0x00000000edb80000, 0x0000000100000000)
  eden space 186880K, 0% used [0x00000000e0000000,0x00000000e0000000,0x00000000eb680000)
  from space 16384K, 17% used [0x00000000ec680000,0x00000000ec940730,0x00000000ed680000)
  to   space 16384K, 0% used [0x00000000eb680000,0x00000000eb680000,0x00000000ec680000)
 ParOldGen       total 124416K, used 45554K [0x00000000a0000000, 0x00000000a7980000, 0x00000000e0000000)
  object space 124416K, 36% used [0x00000000a0000000,0x00000000a2c7c818,0x00000000a7980000)
 Metaspace       used 68488K, capacity 70674K, committed 70808K, reserved 1110016K
  class space    used 9146K, capacity 9630K, committed 9648K, reserved 1048576K
}
Event: 22.729 GC heap before
{Heap before GC invocations=18 (full 3):
 PSYoungGen      total 203264K, used 189697K [0x00000000e0000000, 0x00000000edb80000, 0x0000000100000000)
  eden space 186880K, 100% used [0x00000000e0000000,0x00000000eb680000,0x00000000eb680000)
  from space 16384K, 17% used [0x00000000ec680000,0x00000000ec940730,0x00000000ed680000)
  to   space 16384K, 0% used [0x00000000eb680000,0x00000000eb680000,0x00000000ec680000)
 ParOldGen       total 124416K, used 45554K [0x00000000a0000000, 0x00000000a7980000, 0x00000000e0000000)
  object space 124416K, 36% used [0x00000000a0000000,0x00000000a2c7c818,0x00000000a7980000)
 Metaspace       used 69194K, capacity 71624K, committed 71704K, reserved 1112064K
  class space    used 9210K, capacity 9717K, committed 9776K, reserved 1048576K
Event: 22.746 GC heap after
Heap after GC invocations=18 (full 3):
 PSYoungGen      total 203264K, used 7445K [0x00000000e0000000, 0x00000000f0680000, 0x0000000100000000)
  eden space 186880K, 0% used [0x00000000e0000000,0x00000000e0000000,0x00000000eb680000)
  from space 16384K, 45% used [0x00000000eb680000,0x00000000ebdc5738,0x00000000ec680000)
  to   space 15872K, 0% used [0x00000000ef700000,0x00000000ef700000,0x00000000f0680000)
 ParOldGen       total 124416K, used 45562K [0x00000000a0000000, 0x00000000a7980000, 0x00000000e0000000)
  object space 124416K, 36% used [0x00000000a0000000,0x00000000a2c7e818,0x00000000a7980000)
 Metaspace       used 69194K, capacity 71624K, committed 71704K, reserved 1112064K
  class space    used 9210K, capacity 9717K, committed 9776K, reserved 1048576K
}

